Added Component: Designator=JP?(HDR2.54-WI-5P)
Add component (AddParameter): Name = "BOM名称"; Value = "5P接插件"; VariantName = "[No Variations]"
Add component (AddParameter): Name = "学习资源"; Value = "https://shop463601444.taobao.com"; VariantName = "[No Variations]"
Add component (AddParameter): Name = "版权归属"; Value = "封装库来自淘宝 ID：黄晶宝石"; VariantName = "[No Variations]"
Added Component: Designator=USB?(USB-MICRO_A)
Add component (AddParameter): Name = "BOM名称"; Value = "微型USB母座"; VariantName = "[No Variations]"
Add component (AddParameter): Name = "学习资源"; Value = "https://shop463601444.taobao.com"; VariantName = "[No Variations]"
Added Pin To Net: NetName=GND Pin=USB?-5
Added Pin To Net: NetName=GND Pin=USB?-5
Added Pin To Net: NetName=GND Pin=USB?-5
Added Pin To Net: NetName=GND Pin=USB?-5
Added Pin To Net: NetName=GND Pin=USB?-5
Added Net: Name=GND
Added Pin To Net: NetName=NetU?_5 Pin=U?-5
Added Pin To Net: NetName=NetU?_5 Pin=USB?-3
Added Net: Name=NetU?_5
Added Pin To Net: NetName=NetU?_6 Pin=U?-6
Added Pin To Net: NetName=NetU?_6 Pin=USB?-2
Added Net: Name=NetU?_6
Added Pin To Net: NetName=VCC Pin=USB?-1
Added Net: Name=VCC
Added Member To Class: ClassName=Sheet1 Member=Component JP? HDR-1X5
Added Member To Class: ClassName=Sheet1 Member=Component USB? USB-5P
Added Room: Name=Sheet1
